9/21/2004 12:19:52 PM Cache directory created "C:\DOCUME~1\Jason\LOCALS~1\Temp\01669igk6n\"
9/21/2004 12:19:54 PM Application initialized and listening on port: 
9/21/2004 12:19:54 PM HTTP Port: 2574
9/21/2004 12:22:38 PM Cache directory created "C:\DOCUME~1\Jason\LOCALS~1\Temp\01669ik8h7\"
9/21/2004 12:22:39 PM Application initialized and listening on port: 
9/21/2004 12:22:39 PM HTTP Port: 2578
9/21/2004 12:30:58 PM Cache directory created "C:\DOCUME~1\Jason\LOCALS~1\Temp\01669iuxzo\"
9/21/2004 12:30:58 PM Application initialized and listening on port: 
9/21/2004 12:30:58 PM HTTP Port: 2599
9/21/2004 12:38:05 PM Cache directory created "C:\DOCUME~1\Jason\LOCALS~1\Temp\01669j43cw\"
9/21/2004 12:38:05 PM Application initialized and listening on port: 
9/21/2004 12:38:05 PM HTTP Port: 2612
9/21/2004 12:40:45 PM Cache directory created "C:\DOCUME~1\Jason\LOCALS~1\Temp\01669j7j46\"
9/21/2004 12:40:45 PM Application initialized and listening on port: 
9/21/2004 12:40:45 PM HTTP Port: 2616
9/21/2004 12:49:42 PM Cache directory created "C:\DOCUME~1\Jason\LOCALS~1\Temp\01669jj1il\"
9/21/2004 12:49:43 PM Application initialized and listening on port: 
9/21/2004 12:49:43 PM HTTP Port: 2621
9/21/2004 12:52:23 PM Cache directory created "C:\DOCUME~1\Jason\LOCALS~1\Temp\01669jmhte\"
9/21/2004 12:52:24 PM Application initialized and listening on port: 
9/21/2004 12:52:24 PM HTTP Port: 2625
9/21/2004 12:55:57 PM Cache directory created "C:\DOCUME~1\Jason\LOCALS~1\Temp\01669jr2ml\"
9/21/2004 12:55:57 PM Application initialized and listening on port: 
9/21/2004 12:55:57 PM HTTP Port: 2638
